Build started 7/25/2017 6:03:47 PM.
     1>Project "D:\FPT_AMED\SourceCode\Source\Gamma3DWrapper\Gamma3DWrapper.vcxproj" on node 3 (build target(s)).
     1>InitializeBuildStatus:
         Creating "x64\Release\Gamma3DWrapper.unsuccessfulbuild" because "AlwaysCreate" was specified.
       GenerateTargetFrameworkMonikerAttribute:
       Skipping target "GenerateTargetFrameworkMonikerAttribute" because all output files are up-to-date with respect to the input files.
       ClCompile:
         C:\Program Files (x86)\Microsoft Visual Studio 10.0\VC\bin\x86_amd64\CL.exe /c /I./Headers /I..\BasicWrapper\Headers /I..\Gamma3DLogic\Headers /AI"C:\Program Files (x86)\Reference Assemblies\Microsoft\Framework\.NETFramework\v4.0" /Zi /clr /nologo /W1 /WX- /O2 /D _WINDLL /D _MBCS /EHa /MD /GS /fp:precise /Zc:wchar_t /Zc:forScope /Fo"x64\Release\\" /Fd"x64\Release\vc100.pdb" /TP /FU"C:\Program Files (x86)\Reference Assemblies\Microsoft\Framework\.NETFramework\v4.0\System.Core.dll" /FU"C:\Program Files (x86)\Reference Assemblies\Microsoft\Framework\.NETFramework\v4.0\System.Data.dll" /FU"C:\Program Files (x86)\Reference Assemblies\Microsoft\Framework\.NETFramework\v4.0\System.dll" /FU"C:\Program Files (x86)\Reference Assemblies\Microsoft\Framework\.NETFramework\v4.0\System.Xml.dll" /errorReport:prompt CPPs\AssemblyInfo.cpp CPPs\Gamma3DWrapper.cpp /clr:nostdlib 
         AssemblyInfo.cpp
         Gamma3DWrapper.cpp
         Generating Code...
         C:\Program Files (x86)\Microsoft Visual Studio 10.0\VC\bin\x86_amd64\CL.exe /c /I./Headers /I..\BasicWrapper\Headers /I..\Gamma3DLogic\Headers /Zi /clr /nologo /W1 /WX- /O2 /D _WINDLL /D _MBCS /EHa /MD /GS /fp:precise /Zc:wchar_t /Zc:forScope /Fo"x64\Release\\" /Fd"x64\Release\vc100.pdb" /TP /errorReport:prompt "C:\Users\nguyentmc\AppData\Local\Temp\.NETFramework,Version=v4.0.AssemblyAttributes.cpp"
         .NETFramework,Version=v4.0.AssemblyAttributes.cpp
       Link:
         C:\Program Files (x86)\Microsoft Visual Studio 10.0\VC\bin\x86_amd64\link.exe /ERRORREPORT:PROMPT /OUT:"..\..\Output\Release\Gamma3DWrapper.dll" /NOLOGO /LIBPATH:..\..\Output\Release Gamma3DLogic.lib kernel32.lib user32.lib gdi32.lib winspool.lib comdlg32.lib advapi32.lib shell32.lib ole32.lib oleaut32.lib uuid.lib odbc32.lib odbccp32.lib /MANIFEST /ManifestFile:"x64\Release\Gamma3DWrapper.dll.intermediate.manifest" /MANIFESTUAC:"level='asInvoker' uiAccess='false'" /PDB:"D:\FPT_AMED\SourceCode\Output\Release\Gamma3DWrapper.pdb" /TLBID:1 /DYNAMICBASE /FIXED:NO /NXCOMPAT /MACHINE:X64 /DLL x64\Release\AssemblyInfo.obj
         x64\Release\Gamma3DWrapper.obj
         "x64\Release\.NETFramework,Version=v4.0.AssemblyAttributes.obj"
         Gamma3DWrapper.vcxproj -> D:\FPT_AMED\SourceCode\Source\Gamma3DWrapper\..\..\Output\Release\Gamma3DWrapper.dll
       Manifest:
         C:\Program Files (x86)\Microsoft SDKs\Windows\v7.0A\bin\mt.exe /nologo /verbose /outputresource:"..\..\Output\Release\Gamma3DWrapper.dll;#2" /manifest x64\Release\Gamma3DWrapper.dll.intermediate.manifest
       FinalizeBuildStatus:
         Deleting file "x64\Release\Gamma3DWrapper.unsuccessfulbuild".
         Touching "x64\Release\Gamma3DWrapper.lastbuildstate".
     1>Done Building Project "D:\FPT_AMED\SourceCode\Source\Gamma3DWrapper\Gamma3DWrapper.vcxproj" (build target(s)).

Build succeeded.

Time Elapsed 00:00:02.29
