Build started 7/25/2017 5:53:40 PM.
     1>Project "D:\FPT_AMED\SourceCode\Source\Gamma3DWrapper\Gamma3DWrapper.vcxproj" on node 2 (build target(s)).
     1>InitializeBuildStatus:
         Touching "x64\Debug\Gamma3DWrapper.unsuccessfulbuild".
       GenerateTargetFrameworkMonikerAttribute:
       Skipping target "GenerateTargetFrameworkMonikerAttribute" because all output files are up-to-date with respect to the input files.
       ClCompile:
         All outputs are up-to-date.
         All outputs are up-to-date.
       Link:
         C:\Program Files (x86)\Microsoft Visual Studio 10.0\VC\bin\x86_amd64\link.exe /ERRORREPORT:PROMPT /OUT:"..\..\Output\Debug\Gamma3DWrapper.dll" /INCREMENTAL /NOLOGO /LIBPATH:..\..\Output\Debug Gamma3DLogic.lib kernel32.lib user32.lib gdi32.lib winspool.lib comdlg32.lib advapi32.lib shell32.lib ole32.lib oleaut32.lib uuid.lib odbc32.lib odbccp32.lib /MANIFEST /ManifestFile:"x64\Debug\Gamma3DWrapper.dll.intermediate.manifest" /MANIFESTUAC:"level='asInvoker' uiAccess='false'" /DEBUG /PDB:"D:\FPT_AMED\SourceCode\Output\Debug\Gamma3DWrapper.pdb" /MAP /ASSEMBLYDEBUG /TLBID:1 /DYNAMICBASE /FIXED:NO /NXCOMPAT /MACHINE:X64 /DLL x64\Debug\AssemblyInfo.obj
         x64\Debug\Gamma3DWrapper.obj
         "x64\Debug\.NETFramework,Version=v4.0.AssemblyAttributes.obj"
     1>LINK : warning LNK4098: defaultlib 'LIBCMTD' conflicts with use of other libs; use /NODEFAULTLIB:library
         Gamma3DWrapper.vcxproj -> D:\FPT_AMED\SourceCode\Source\Gamma3DWrapper\..\..\Output\Debug\Gamma3DWrapper.dll
       Manifest:
         C:\Program Files (x86)\Microsoft SDKs\Windows\v7.0A\bin\mt.exe /nologo /verbose /outputresource:"..\..\Output\Debug\Gamma3DWrapper.dll;#2" /manifest x64\Debug\Gamma3DWrapper.dll.intermediate.manifest
       FinalizeBuildStatus:
         Deleting file "x64\Debug\Gamma3DWrapper.unsuccessfulbuild".
         Touching "x64\Debug\Gamma3DWrapper.lastbuildstate".
     1>Done Building Project "D:\FPT_AMED\SourceCode\Source\Gamma3DWrapper\Gamma3DWrapper.vcxproj" (build target(s)).

Build succeeded.

Time Elapsed 00:00:00.70
