..\..\Output\Debug\Gamma3DWrapper.ilk
..\..\Output\Debug\Gamma3DWrapper.pdb
D:\FPT_AMED\SOURCECODE\OUTPUT\DEBUG\GAMMA3DWRAPPER.DLL
D:\FPT_AMED\SOURCECODE\OUTPUT\DEBUG\GAMMA3DWRAPPER.ILK
D:\FPT_AMED\SOURCECODE\OUTPUT\DEBUG\GAMMA3DWRAPPER.MAP
D:\FPT_AMED\SOURCECODE\OUTPUT\DEBUG\GAMMA3DWRAPPER.PDB
D:\FPT_AMED\SourceCode\Source\Gamma3DWrapper\..\..\Output\Debug\Gamma3DWrapper.dll
D:\FPT_AMED\SOURCECODE\SOURCE\GAMMA3DWRAPPER\X64\DEBUG\.NETFRAMEWORK,VERSION=V4.0.ASSEMBLYATTRIBUTES.OBJ
D:\FPT_AMED\SOURCECODE\SOURCE\GAMMA3DWRAPPER\X64\DEBUG\ASSEMBLYINFO.OBJ
D:\FPT_AMED\SourceCode\Source\Gamma3DWrapper\x64\Debug\cl.command.1.tlog
D:\FPT_AMED\SourceCode\Source\Gamma3DWrapper\x64\Debug\CL.read.1.tlog
D:\FPT_AMED\SourceCode\Source\Gamma3DWrapper\x64\Debug\CL.write.1.tlog
D:\FPT_AMED\SOURCECODE\SOURCE\GAMMA3DWRAPPER\X64\DEBUG\GAMMA3DWRAPPER.DLL.INTERMEDIATE.MANIFEST
D:\FPT_AMED\SOURCECODE\SOURCE\GAMMA3DWRAPPER\X64\DEBUG\GAMMA3DWRAPPER.OBJ
D:\FPT_AMED\SourceCode\Source\Gamma3DWrapper\x64\Debug\Gamma3DWrapper.write.1.tlog
D:\FPT_AMED\SOURCECODE\SOURCE\GAMMA3DWRAPPER\X64\DEBUG\GAMMA3DWRAPPERCONVERTER.OBJ
D:\FPT_AMED\SourceCode\Source\Gamma3DWrapper\x64\Debug\link.8048.read.1.tlog
D:\FPT_AMED\SourceCode\Source\Gamma3DWrapper\x64\Debug\link.8048.write.1.tlog
D:\FPT_AMED\SourceCode\Source\Gamma3DWrapper\x64\Debug\link.command.1.tlog
D:\FPT_AMED\SourceCode\Source\Gamma3DWrapper\x64\Debug\link.read.1.tlog
D:\FPT_AMED\SourceCode\Source\Gamma3DWrapper\x64\Debug\link.write.1.tlog
D:\FPT_AMED\SourceCode\Source\Gamma3DWrapper\x64\Debug\mt.command.1.tlog
D:\FPT_AMED\SourceCode\Source\Gamma3DWrapper\x64\Debug\mt.read.1.tlog
D:\FPT_AMED\SourceCode\Source\Gamma3DWrapper\x64\Debug\mt.write.1.tlog
D:\FPT_AMED\SOURCECODE\SOURCE\GAMMA3DWRAPPER\X64\DEBUG\VC100.PDB
