..\..\Output\Debug\BasicWrapper.ilk
..\..\Output\Debug\BasicWrapper.pdb
D:\FPT_AMED\SOURCECODE\OUTPUT\DEBUG\BASICWRAPPER.DLL
D:\FPT_AMED\SOURCECODE\OUTPUT\DEBUG\BASICWRAPPER.ILK
D:\FPT_AMED\SOURCECODE\OUTPUT\DEBUG\BASICWRAPPER.MAP
D:\FPT_AMED\SOURCECODE\OUTPUT\DEBUG\BASICWRAPPER.PDB
D:\FPT_AMED\SourceCode\Source\BasicWrapper\..\..\Output\Debug\BasicWrapper.dll
D:\FPT_AMED\SOURCECODE\SOURCE\BASICWRAPPER\X64\DEBUG\.NETFRAMEWORK,VERSION=V4.0.ASSEMBLYATTRIBUTES.OBJ
D:\FPT_AMED\SOURCECODE\SOURCE\BASICWRAPPER\X64\DEBUG\ASSEMBLYINFO.OBJ
D:\FPT_AMED\SOURCECODE\SOURCE\BASICWRAPPER\X64\DEBUG\BASICWRAPPER.DLL.INTERMEDIATE.MANIFEST
D:\FPT_AMED\SOURCECODE\SOURCE\BASICWRAPPER\X64\DEBUG\BASICWRAPPER.OBJ
D:\FPT_AMED\SourceCode\Source\BasicWrapper\x64\Debug\BasicWrapper.write.1.tlog
D:\FPT_AMED\SourceCode\Source\BasicWrapper\x64\Debug\cl.command.1.tlog
D:\FPT_AMED\SourceCode\Source\BasicWrapper\x64\Debug\CL.read.1.tlog
D:\FPT_AMED\SourceCode\Source\BasicWrapper\x64\Debug\CL.write.1.tlog
D:\FPT_AMED\SourceCode\Source\BasicWrapper\x64\Debug\link.1824.read.1.tlog
D:\FPT_AMED\SourceCode\Source\BasicWrapper\x64\Debug\link.1824.write.1.tlog
D:\FPT_AMED\SourceCode\Source\BasicWrapper\x64\Debug\link.command.1.tlog
D:\FPT_AMED\SourceCode\Source\BasicWrapper\x64\Debug\link.read.1.tlog
D:\FPT_AMED\SourceCode\Source\BasicWrapper\x64\Debug\link.write.1.tlog
D:\FPT_AMED\SourceCode\Source\BasicWrapper\x64\Debug\mt.command.1.tlog
D:\FPT_AMED\SourceCode\Source\BasicWrapper\x64\Debug\mt.read.1.tlog
D:\FPT_AMED\SourceCode\Source\BasicWrapper\x64\Debug\mt.write.1.tlog
D:\FPT_AMED\SOURCECODE\SOURCE\BASICWRAPPER\X64\DEBUG\VC100.PDB
