Build started 7/26/2017 9:07:05 AM.
     1>Project "D:\FPT_AMED\SourceCode\Source\BasicWrapper\BasicWrapper.vcxproj" on node 2 (rebuild target(s)).
     1>_PrepareForClean:
         Deleting file "x64\Release\BasicWrapper.lastbuildstate".
       InitializeBuildStatus:
         Creating "x64\Release\BasicWrapper.unsuccessfulbuild" because "AlwaysCreate" was specified.
       GenerateTargetFrameworkMonikerAttribute:
       Skipping target "GenerateTargetFrameworkMonikerAttribute" because all output files are up-to-date with respect to the input files.
       ClCompile:
         C:\Program Files (x86)\Microsoft Visual Studio 10.0\VC\bin\x86_amd64\CL.exe /c /I./Headers /AI"C:\Program Files (x86)\Reference Assemblies\Microsoft\Framework\.NETFramework\v4.0" /Zi /clr /nologo /W1 /WX- /O2 /D _WINDLL /D _MBCS /EHa /MD /GS /fp:precise /Zc:wchar_t /Zc:forScope /Fo"x64\Release\\" /Fd"x64\Release\vc100.pdb" /TP /FU"C:\Program Files (x86)\Reference Assemblies\Microsoft\Framework\.NETFramework\v4.0\System.Core.dll" /FU"C:\Program Files (x86)\Reference Assemblies\Microsoft\Framework\.NETFramework\v4.0\System.Data.dll" /FU"C:\Program Files (x86)\Reference Assemblies\Microsoft\Framework\.NETFramework\v4.0\System.dll" /FU"C:\Program Files (x86)\Reference Assemblies\Microsoft\Framework\.NETFramework\v4.0\System.Xml.dll" /errorReport:prompt CPPs\AssemblyInfo.cpp /clr:nostdlib 
         AssemblyInfo.cpp
         C:\Program Files (x86)\Microsoft Visual Studio 10.0\VC\bin\x86_amd64\CL.exe /c /I./Headers /Zi /clr /nologo /W1 /WX- /O2 /D _WINDLL /D _MBCS /EHa /MD /GS /fp:precise /Zc:wchar_t /Zc:forScope /Fo"x64\Release\\" /Fd"x64\Release\vc100.pdb" /TP /errorReport:prompt "C:\Users\nguyentmc\AppData\Local\Temp\.NETFramework,Version=v4.0.AssemblyAttributes.cpp"
         .NETFramework,Version=v4.0.AssemblyAttributes.cpp
       Link:
         C:\Program Files (x86)\Microsoft Visual Studio 10.0\VC\bin\x86_amd64\link.exe /ERRORREPORT:PROMPT /OUT:"..\..\Output\Release\BasicWrapper.dll" /NOLOGO kernel32.lib user32.lib gdi32.lib winspool.lib comdlg32.lib advapi32.lib shell32.lib ole32.lib oleaut32.lib uuid.lib odbc32.lib odbccp32.lib /MANIFEST /ManifestFile:"x64\Release\BasicWrapper.dll.intermediate.manifest" /MANIFESTUAC:"level='asInvoker' uiAccess='false'" /PDB:"D:\FPT_AMED\SourceCode\Output\Release\BasicWrapper.pdb" /TLBID:1 /DYNAMICBASE /FIXED:NO /NXCOMPAT /MACHINE:X64 /DLL x64\Release\AssemblyInfo.obj
         "x64\Release\.NETFramework,Version=v4.0.AssemblyAttributes.obj"
         BasicWrapper.vcxproj -> D:\FPT_AMED\SourceCode\Source\BasicWrapper\..\..\Output\Release\BasicWrapper.dll
       Manifest:
         C:\Program Files (x86)\Microsoft SDKs\Windows\v7.0A\bin\mt.exe /nologo /verbose /outputresource:"..\..\Output\Release\BasicWrapper.dll;#2" /manifest x64\Release\BasicWrapper.dll.intermediate.manifest
       FinalizeBuildStatus:
         Deleting file "x64\Release\BasicWrapper.unsuccessfulbuild".
         Touching "x64\Release\BasicWrapper.lastbuildstate".
     1>Done Building Project "D:\FPT_AMED\SourceCode\Source\BasicWrapper\BasicWrapper.vcxproj" (rebuild target(s)).

Build succeeded.

Time Elapsed 00:00:01.11
